<?xml version="1.0" encoding="UTF-8"?>
<coverage generated="1682077753743" clover="3.2.0">
  <project timestamp="1682077753744" name="All files">
    <metrics statements="79" coveredstatements="77" conditionals="2" coveredconditionals="1" methods="26" coveredmethods="25" elements="107" coveredelements="103" complexity="0" loc="79" ncloc="79" packages="3" files="7" classes="7"/>
    <package name="controllers">
      <metrics statements="27" coveredstatements="26" conditionals="2" coveredconditionals="1" methods="4" coveredmethods="4"/>
      <file name="googleSearchController.js" path="/usr/src/app/controllers/googleSearchController.js">
        <metrics statements="9" coveredstatements="9" conditionals="0" coveredconditionals="0" methods="1" coveredmethods="1"/>
        <line num="5" count="2" type="stmt"/>
        <line num="6" count="2" type="stmt"/>
        <line num="9" count="2" type="stmt"/>
        <line num="10" count="2" type="stmt"/>
        <line num="11" count="2" type="stmt"/>
        <line num="14" count="2" type="stmt"/>
        <line num="15" count="2" type="stmt"/>
        <line num="16" count="2" type="stmt"/>
        <line num="17" count="2" type="stmt"/>
      </file>
      <file name="stackOverflowController.js" path="/usr/src/app/controllers/stackOverflowController.js">
        <metrics statements="18" coveredstatements="17" conditionals="2" coveredconditionals="1" methods="3" coveredmethods="3"/>
        <line num="13" count="1" type="stmt"/>
        <line num="14" count="22" type="stmt"/>
        <line num="16" count="1" type="stmt"/>
        <line num="17" count="1" type="stmt"/>
        <line num="18" count="1" type="stmt"/>
        <line num="19" count="1" type="stmt"/>
        <line num="20" count="1" type="cond" truecount="1" falsecount="1"/>
        <line num="21" count="0" type="stmt"/>
        <line num="24" count="1" type="stmt"/>
        <line num="25" count="1" type="stmt"/>
        <line num="26" count="1" type="stmt"/>
        <line num="27" count="1" type="stmt"/>
        <line num="34" count="1" type="stmt"/>
        <line num="35" count="1" type="stmt"/>
        <line num="36" count="24" type="stmt"/>
        <line num="42" count="24" type="stmt"/>
        <line num="45" count="1" type="stmt"/>
        <line num="46" count="1" type="stmt"/>
      </file>
    </package>
    <package name="models">
      <metrics statements="4" coveredstatements="4" conditionals="0" coveredconditionals="0" methods="0" coveredmethods="0"/>
      <file name="answer.js" path="/usr/src/app/models/answer.js">
        <metrics statements="2" coveredstatements="2" conditionals="0" coveredconditionals="0" methods="0" coveredmethods="0"/>
        <line num="3" count="1" type="stmt"/>
        <line num="27" count="1" type="stmt"/>
      </file>
      <file name="question.js" path="/usr/src/app/models/question.js">
        <metrics statements="2" coveredstatements="2" conditionals="0" coveredconditionals="0" methods="0" coveredmethods="0"/>
        <line num="3" count="1" type="stmt"/>
        <line num="30" count="1" type="stmt"/>
      </file>
    </package>
    <package name="utils">
      <metrics statements="48" coveredstatements="47" conditionals="0" coveredconditionals="0" methods="22" coveredmethods="21"/>
      <file name="mongoose.js" path="/usr/src/app/utils/mongoose.js">
        <metrics statements="7" coveredstatements="6" conditionals="0" coveredconditionals="0" methods="2" coveredmethods="1"/>
        <line num="2" count="1" type="stmt"/>
        <line num="3" count="1" type="stmt"/>
        <line num="4" count="1" type="stmt"/>
        <line num="5" count="1" type="stmt"/>
        <line num="8" count="1" type="stmt"/>
        <line num="12" count="1" type="stmt"/>
        <line num="13" count="0" type="stmt"/>
      </file>
      <file name="parser.js" path="/usr/src/app/utils/parser.js">
        <metrics statements="33" coveredstatements="33" conditionals="0" coveredconditionals="0" methods="16" coveredmethods="16"/>
        <line num="18" count="4" type="stmt"/>
        <line num="19" count="4" type="stmt"/>
        <line num="29" count="4" type="stmt"/>
        <line num="30" count="4" type="stmt"/>
        <line num="31" count="4" type="stmt"/>
        <line num="40" count="2" type="stmt"/>
        <line num="48" count="57" type="stmt"/>
        <line num="49" count="227" type="stmt"/>
        <line num="58" count="59" type="stmt"/>
        <line num="59" count="59" type="stmt"/>
        <line num="68" count="57" type="stmt"/>
        <line num="69" count="57" type="stmt"/>
        <line num="77" count="2" type="stmt"/>
        <line num="78" count="2" type="stmt"/>
        <line num="86" count="54" type="stmt"/>
        <line num="87" count="54" type="stmt"/>
        <line num="96" count="2" type="stmt"/>
        <line num="97" count="171" type="stmt"/>
        <line num="105" count="6" type="stmt"/>
        <line num="109" count="2" type="stmt"/>
        <line num="110" count="2" type="stmt"/>
        <line num="111" count="2" type="stmt"/>
        <line num="112" count="2" type="stmt"/>
        <line num="113" count="2" type="stmt"/>
        <line num="115" count="2" type="stmt"/>
        <line num="124" count="3" type="stmt"/>
        <line num="128" count="2" type="stmt"/>
        <line num="129" count="2" type="stmt"/>
        <line num="130" count="54" type="stmt"/>
        <line num="131" count="54" type="stmt"/>
        <line num="132" count="54" type="stmt"/>
        <line num="133" count="54" type="stmt"/>
        <line num="135" count="54" type="stmt"/>
      </file>
      <file name="scraper.js" path="/usr/src/app/utils/scraper.js">
        <metrics statements="8" coveredstatements="8" conditionals="0" coveredconditionals="0" methods="4" coveredmethods="4"/>
        <line num="9" count="3" type="stmt"/>
        <line num="10" count="3" type="stmt"/>
        <line num="11" count="3" type="stmt"/>
        <line num="20" count="3" type="stmt"/>
        <line num="25" count="3" type="stmt"/>
        <line num="34" count="3" type="stmt"/>
        <line num="35" count="3" type="stmt"/>
        <line num="44" count="3" type="stmt"/>
      </file>
    </package>
  </project>
</coverage>
