{"/home/jon/VC_Jon1/VC_Jon/ScrapedStackOverflow/controllers/googleSearchController.js": {"path":"/home/jon/VC_Jon1/VC_Jon/ScrapedStackOverflow/controllers/googleSearchController.js","statementMap":{"0":{"start":{"line":5,"column":25},"end":{"line":5,"column":50}},"1":{"start":{"line":6,"column":16},"end":{"line":6,"column":65}},"2":{"start":{"line":9,"column":20},"end":{"line":9,"column":33}},"3":{"start":{"line":10,"column":4},"end":{"line":10,"column":25}},"4":{"start":{"line":11,"column":17},"end":{"line":11,"column":50}},"5":{"start":{"line":14,"column":19},"end":{"line":14,"column":35}},"6":{"start":{"line":15,"column":18},"end":{"line":15,"column":35}},"7":{"start":{"line":16,"column":4},"end":{"line":16,"column":26}},"8":{"start":{"line":17,"column":4},"end":{"line":17,"column":17}}},"fnMap":{"0":{"name":"searchLinks","decl":{"start":{"line":4,"column":15},"end":{"line":4,"column":26}},"loc":{"start":{"line":4,"column":34},"end":{"line":18,"column":1}},"line":4}},"branchMap":{},"s":{"0":2,"1":2,"2":2,"3":2,"4":2,"5":2,"6":2,"7":2,"8":2},"f":{"0":2},"b":{},"_coverageSchema":"1a1c01bbd47fc00a2c39e90264f33305004495a9","hash":"ea21182635ff8c323dcabfd95fd5f065e89646ea"}
,"/home/jon/VC_Jon1/VC_Jon/ScrapedStackOverflow/controllers/stackOverflowController.js": {"path":"/home/jon/VC_Jon1/VC_Jon/ScrapedStackOverflow/controllers/stackOverflowController.js","statementMap":{"0":{"start":{"line":6,"column":24},"end":{"line":6,"column":91}},"1":{"start":{"line":7,"column":16},"end":{"line":7,"column":87}},"2":{"start":{"line":7,"column":42},"end":{"line":7,"column":86}},"3":{"start":{"line":9,"column":20},"end":{"line":9,"column":33}},"4":{"start":{"line":10,"column":4},"end":{"line":10,"column":25}},"5":{"start":{"line":11,"column":17},"end":{"line":11,"column":50}},"6":{"start":{"line":12,"column":19},"end":{"line":12,"column":35}},"7":{"start":{"line":14,"column":17},"end":{"line":14,"column":33}},"8":{"start":{"line":15,"column":19},"end":{"line":15,"column":37}},"9":{"start":{"line":17,"column":4},"end":{"line":17,"column":20}},"10":{"start":{"line":18,"column":4},"end":{"line":21,"column":5}}},"fnMap":{"0":{"name":"getContent","decl":{"start":{"line":5,"column":15},"end":{"line":5,"column":25}},"loc":{"start":{"line":5,"column":32},"end":{"line":23,"column":1}},"line":5},"1":{"name":"(anonymous_1)","decl":{"start":{"line":7,"column":33},"end":{"line":7,"column":34}},"loc":{"start":{"line":7,"column":42},"end":{"line":7,"column":86}},"line":7}},"branchMap":{},"s":{"0":1,"1":1,"2":18,"3":1,"4":1,"5":1,"6":1,"7":1,"8":1,"9":1,"10":1},"f":{"0":1,"1":18},"b":{},"_coverageSchema":"1a1c01bbd47fc00a2c39e90264f33305004495a9","hash":"771612d96b77fc33b0a55870d8b2e0ea66451ca9"}
,"/home/jon/VC_Jon1/VC_Jon/ScrapedStackOverflow/utils/parser.js": {"path":"/home/jon/VC_Jon1/VC_Jon/ScrapedStackOverflow/utils/parser.js","statementMap":{"0":{"start":{"line":18,"column":8},"end":{"line":18,"column":25}},"1":{"start":{"line":19,"column":8},"end":{"line":19,"column":28}},"2":{"start":{"line":29,"column":22},"end":{"line":29,"column":33}},"3":{"start":{"line":30,"column":20},"end":{"line":30,"column":40}},"4":{"start":{"line":31,"column":8},"end":{"line":31,"column":44}},"5":{"start":{"line":40,"column":8},"end":{"line":40,"column":68}},"6":{"start":{"line":48,"column":27},"end":{"line":48,"column":68}},"7":{"start":{"line":49,"column":8},"end":{"line":49,"column":57}},"8":{"start":{"line":49,"column":35},"end":{"line":49,"column":55}},"9":{"start":{"line":53,"column":27},"end":{"line":53,"column":66}},"10":{"start":{"line":54,"column":8},"end":{"line":54,"column":45}},"11":{"start":{"line":58,"column":21},"end":{"line":58,"column":59}},"12":{"start":{"line":59,"column":8},"end":{"line":59,"column":39}},"13":{"start":{"line":68,"column":22},"end":{"line":68,"column":69}},"14":{"start":{"line":69,"column":8},"end":{"line":69,"column":44}},"15":{"start":{"line":69,"column":33},"end":{"line":69,"column":42}},"16":{"start":{"line":72,"column":8},"end":{"line":72,"column":56}},"17":{"start":{"line":76,"column":21},"end":{"line":76,"column":40}},"18":{"start":{"line":77,"column":25},"end":{"line":77,"column":49}},"19":{"start":{"line":78,"column":27},"end":{"line":78,"column":51}},"20":{"start":{"line":79,"column":22},"end":{"line":79,"column":40}},"21":{"start":{"line":81,"column":8},"end":{"line":85,"column":9}},"22":{"start":{"line":89,"column":8},"end":{"line":89,"column":55}},"23":{"start":{"line":93,"column":23},"end":{"line":93,"column":44}},"24":{"start":{"line":94,"column":24},"end":{"line":94,"column":50}},"25":{"start":{"line":95,"column":27},"end":{"line":95,"column":53}},"26":{"start":{"line":96,"column":22},"end":{"line":96,"column":42}},"27":{"start":{"line":98,"column":8},"end":{"line":103,"column":9}}},"fnMap":{"0":{"name":"(anonymous_0)","decl":{"start":{"line":13,"column":5},"end":{"line":13,"column":6}},"loc":{"start":{"line":13,"column":23},"end":{"line":20,"column":5}},"line":13},"1":{"name":"(anonymous_1)","decl":{"start":{"line":28,"column":4},"end":{"line":28,"column":5}},"loc":{"start":{"line":28,"column":19},"end":{"line":32,"column":5}},"line":28},"2":{"name":"(anonymous_2)","decl":{"start":{"line":39,"column":4},"end":{"line":39,"column":5}},"loc":{"start":{"line":39,"column":15},"end":{"line":41,"column":5}},"line":39},"3":{"name":"(anonymous_3)","decl":{"start":{"line":47,"column":4},"end":{"line":47,"column":5}},"loc":{"start":{"line":47,"column":27},"end":{"line":50,"column":5}},"line":47},"4":{"name":"(anonymous_4)","decl":{"start":{"line":49,"column":30},"end":{"line":49,"column":31}},"loc":{"start":{"line":49,"column":35},"end":{"line":49,"column":55}},"line":49},"5":{"name":"(anonymous_5)","decl":{"start":{"line":52,"column":4},"end":{"line":52,"column":5}},"loc":{"start":{"line":52,"column":27},"end":{"line":55,"column":5}},"line":52},"6":{"name":"(anonymous_6)","decl":{"start":{"line":57,"column":4},"end":{"line":57,"column":5}},"loc":{"start":{"line":57,"column":21},"end":{"line":60,"column":5}},"line":57},"7":{"name":"(anonymous_7)","decl":{"start":{"line":67,"column":4},"end":{"line":67,"column":5}},"loc":{"start":{"line":67,"column":15},"end":{"line":70,"column":5}},"line":67},"8":{"name":"(anonymous_8)","decl":{"start":{"line":69,"column":25},"end":{"line":69,"column":26}},"loc":{"start":{"line":69,"column":33},"end":{"line":69,"column":42}},"line":69},"9":{"name":"(anonymous_9)","decl":{"start":{"line":71,"column":4},"end":{"line":71,"column":5}},"loc":{"start":{"line":71,"column":19},"end":{"line":73,"column":5}},"line":71},"10":{"name":"(anonymous_10)","decl":{"start":{"line":75,"column":4},"end":{"line":75,"column":5}},"loc":{"start":{"line":75,"column":14},"end":{"line":86,"column":5}},"line":75},"11":{"name":"(anonymous_11)","decl":{"start":{"line":88,"column":4},"end":{"line":88,"column":5}},"loc":{"start":{"line":88,"column":21},"end":{"line":90,"column":5}},"line":88},"12":{"name":"(anonymous_12)","decl":{"start":{"line":92,"column":4},"end":{"line":92,"column":5}},"loc":{"start":{"line":92,"column":16},"end":{"line":104,"column":5}},"line":92}},"branchMap":{},"s":{"0":4,"1":4,"2":4,"3":4,"4":4,"5":1,"6":5,"7":5,"8":19,"9":7,"10":7,"11":5,"12":5,"13":2,"14":2,"15":164,"16":6,"17":2,"18":2,"19":2,"20":2,"21":2,"22":3,"23":2,"24":2,"25":2,"26":2,"27":2},"f":{"0":4,"1":4,"2":1,"3":5,"4":19,"5":7,"6":5,"7":2,"8":164,"9":6,"10":2,"11":3,"12":2},"b":{},"_coverageSchema":"1a1c01bbd47fc00a2c39e90264f33305004495a9","hash":"84d5e93e6d6341ac586253720581fcb24667ce69"}
,"/home/jon/VC_Jon1/VC_Jon/ScrapedStackOverflow/utils/scraper.js": {"path":"/home/jon/VC_Jon1/VC_Jon/ScrapedStackOverflow/utils/scraper.js","statementMap":{"0":{"start":{"line":5,"column":8},"end":{"line":5,"column":28}},"1":{"start":{"line":6,"column":8},"end":{"line":6,"column":25}},"2":{"start":{"line":7,"column":8},"end":{"line":7,"column":25}},"3":{"start":{"line":11,"column":8},"end":{"line":11,"column":48}},"4":{"start":{"line":12,"column":8},"end":{"line":12,"column":49}},"5":{"start":{"line":16,"column":8},"end":{"line":16,"column":34}},"6":{"start":{"line":17,"column":8},"end":{"line":17,"column":41}},"7":{"start":{"line":21,"column":8},"end":{"line":21,"column":35}}},"fnMap":{"0":{"name":"(anonymous_0)","decl":{"start":{"line":4,"column":4},"end":{"line":4,"column":5}},"loc":{"start":{"line":4,"column":17},"end":{"line":8,"column":5}},"line":4},"1":{"name":"(anonymous_1)","decl":{"start":{"line":10,"column":4},"end":{"line":10,"column":5}},"loc":{"start":{"line":10,"column":17},"end":{"line":13,"column":5}},"line":10},"2":{"name":"(anonymous_2)","decl":{"start":{"line":15,"column":4},"end":{"line":15,"column":5}},"loc":{"start":{"line":15,"column":30},"end":{"line":18,"column":5}},"line":15},"3":{"name":"(anonymous_3)","decl":{"start":{"line":20,"column":4},"end":{"line":20,"column":5}},"loc":{"start":{"line":20,"column":18},"end":{"line":22,"column":5}},"line":20}},"branchMap":{},"s":{"0":3,"1":3,"2":3,"3":3,"4":3,"5":3,"6":3,"7":3},"f":{"0":3,"1":3,"2":3,"3":3},"b":{},"_coverageSchema":"1a1c01bbd47fc00a2c39e90264f33305004495a9","hash":"56217daf70fc3a22b5f6e6cf7e7fcb2e4c2d753e"}
}
