{"/usr/src/app/controllers/googleSearchController.js": {"path":"/usr/src/app/controllers/googleSearchController.js","statementMap":{"0":{"start":{"line":5,"column":25},"end":{"line":5,"column":50}},"1":{"start":{"line":6,"column":16},"end":{"line":6,"column":65}},"2":{"start":{"line":9,"column":20},"end":{"line":9,"column":33}},"3":{"start":{"line":10,"column":4},"end":{"line":10,"column":25}},"4":{"start":{"line":11,"column":17},"end":{"line":11,"column":50}},"5":{"start":{"line":14,"column":19},"end":{"line":14,"column":35}},"6":{"start":{"line":15,"column":18},"end":{"line":15,"column":35}},"7":{"start":{"line":16,"column":4},"end":{"line":16,"column":26}},"8":{"start":{"line":17,"column":4},"end":{"line":17,"column":17}}},"fnMap":{"0":{"name":"searchLinks","decl":{"start":{"line":4,"column":15},"end":{"line":4,"column":26}},"loc":{"start":{"line":4,"column":34},"end":{"line":18,"column":1}},"line":4}},"branchMap":{},"s":{"0":2,"1":2,"2":2,"3":2,"4":2,"5":2,"6":2,"7":2,"8":2},"f":{"0":2},"b":{},"_coverageSchema":"1a1c01bbd47fc00a2c39e90264f33305004495a9","hash":"8476c3ffaa7221be1b14dc55d6efa32374e51c6c"}
,"/usr/src/app/controllers/stackOverflowController.js": {"path":"/usr/src/app/controllers/stackOverflowController.js","statementMap":{"0":{"start":{"line":13,"column":24},"end":{"line":13,"column":91}},"1":{"start":{"line":14,"column":16},"end":{"line":14,"column":87}},"2":{"start":{"line":14,"column":42},"end":{"line":14,"column":86}},"3":{"start":{"line":16,"column":20},"end":{"line":16,"column":33}},"4":{"start":{"line":17,"column":4},"end":{"line":17,"column":25}},"5":{"start":{"line":18,"column":17},"end":{"line":18,"column":50}},"6":{"start":{"line":19,"column":19},"end":{"line":19,"column":35}},"7":{"start":{"line":20,"column":4},"end":{"line":22,"column":5}},"8":{"start":{"line":21,"column":8},"end":{"line":21,"column":28}},"9":{"start":{"line":24,"column":18},"end":{"line":24,"column":35}},"10":{"start":{"line":25,"column":17},"end":{"line":25,"column":33}},"11":{"start":{"line":26,"column":20},"end":{"line":26,"column":39}},"12":{"start":{"line":27,"column":21},"end":{"line":33,"column":6}},"13":{"start":{"line":34,"column":4},"end":{"line":34,"column":26}},"14":{"start":{"line":35,"column":4},"end":{"line":43,"column":7}},"15":{"start":{"line":36,"column":28},"end":{"line":41,"column":10}},"16":{"start":{"line":42,"column":8},"end":{"line":42,"column":33}},"17":{"start":{"line":45,"column":4},"end":{"line":45,"column":20}},"18":{"start":{"line":46,"column":4},"end":{"line":50,"column":5}}},"fnMap":{"0":{"name":"getContent","decl":{"start":{"line":12,"column":15},"end":{"line":12,"column":25}},"loc":{"start":{"line":12,"column":32},"end":{"line":52,"column":1}},"line":12},"1":{"name":"(anonymous_1)","decl":{"start":{"line":14,"column":33},"end":{"line":14,"column":34}},"loc":{"start":{"line":14,"column":42},"end":{"line":14,"column":86}},"line":14},"2":{"name":"(anonymous_2)","decl":{"start":{"line":35,"column":20},"end":{"line":35,"column":21}},"loc":{"start":{"line":35,"column":36},"end":{"line":43,"column":5}},"line":35}},"branchMap":{"0":{"loc":{"start":{"line":20,"column":4},"end":{"line":22,"column":5}},"type":"if","locations":[{"start":{"line":20,"column":4},"end":{"line":22,"column":5}},{"start":{},"end":{}}],"line":20}},"s":{"0":1,"1":1,"2":22,"3":1,"4":1,"5":1,"6":1,"7":1,"8":0,"9":1,"10":1,"11":1,"12":1,"13":1,"14":1,"15":24,"16":24,"17":1,"18":1},"f":{"0":1,"1":22,"2":24},"b":{"0":[0,1]},"_coverageSchema":"1a1c01bbd47fc00a2c39e90264f33305004495a9","hash":"3ec7b0494567df32aee061a37bf51a62d5c68e7f"}
,"/usr/src/app/models/answer.js": {"path":"/usr/src/app/models/answer.js","statementMap":{"0":{"start":{"line":3,"column":21},"end":{"line":25,"column":2}},"1":{"start":{"line":27,"column":15},"end":{"line":27,"column":53}}},"fnMap":{},"branchMap":{},"s":{"0":1,"1":1},"f":{},"b":{},"_coverageSchema":"1a1c01bbd47fc00a2c39e90264f33305004495a9","hash":"09f765849f0d7f3c5b6b0df0f4d831adfcc6a21f"}
,"/usr/src/app/models/question.js": {"path":"/usr/src/app/models/question.js","statementMap":{"0":{"start":{"line":3,"column":23},"end":{"line":28,"column":2}},"1":{"start":{"line":30,"column":17},"end":{"line":30,"column":59}}},"fnMap":{},"branchMap":{},"s":{"0":1,"1":1},"f":{},"b":{},"_coverageSchema":"1a1c01bbd47fc00a2c39e90264f33305004495a9","hash":"034361c844fa8c5962fe02763b9510f4c1dc6785"}
,"/usr/src/app/utils/mongoose.js": {"path":"/usr/src/app/utils/mongoose.js","statementMap":{"0":{"start":{"line":2,"column":13},"end":{"line":2,"column":41}},"1":{"start":{"line":3,"column":13},"end":{"line":3,"column":18}},"2":{"start":{"line":4,"column":17},"end":{"line":4,"column":41}},"3":{"start":{"line":5,"column":20},"end":{"line":5,"column":59}},"4":{"start":{"line":8,"column":0},"end":{"line":13,"column":78}},"5":{"start":{"line":12,"column":16},"end":{"line":12,"column":64}},"6":{"start":{"line":13,"column":21},"end":{"line":13,"column":76}}},"fnMap":{"0":{"name":"(anonymous_0)","decl":{"start":{"line":12,"column":10},"end":{"line":12,"column":11}},"loc":{"start":{"line":12,"column":16},"end":{"line":12,"column":64}},"line":12},"1":{"name":"(anonymous_1)","decl":{"start":{"line":13,"column":11},"end":{"line":13,"column":12}},"loc":{"start":{"line":13,"column":21},"end":{"line":13,"column":76}},"line":13}},"branchMap":{},"s":{"0":1,"1":1,"2":1,"3":1,"4":1,"5":1,"6":0},"f":{"0":1,"1":0},"b":{},"_coverageSchema":"1a1c01bbd47fc00a2c39e90264f33305004495a9","hash":"b70e8d81b0628ea4206b66b4825631511bda00a4"}
,"/usr/src/app/utils/parser.js": {"path":"/usr/src/app/utils/parser.js","statementMap":{"0":{"start":{"line":18,"column":8},"end":{"line":18,"column":25}},"1":{"start":{"line":19,"column":8},"end":{"line":19,"column":28}},"2":{"start":{"line":29,"column":22},"end":{"line":29,"column":33}},"3":{"start":{"line":30,"column":20},"end":{"line":30,"column":40}},"4":{"start":{"line":31,"column":8},"end":{"line":31,"column":44}},"5":{"start":{"line":40,"column":8},"end":{"line":40,"column":68}},"6":{"start":{"line":48,"column":27},"end":{"line":48,"column":68}},"7":{"start":{"line":49,"column":8},"end":{"line":49,"column":57}},"8":{"start":{"line":49,"column":35},"end":{"line":49,"column":55}},"9":{"start":{"line":58,"column":27},"end":{"line":58,"column":66}},"10":{"start":{"line":59,"column":8},"end":{"line":59,"column":45}},"11":{"start":{"line":68,"column":21},"end":{"line":68,"column":59}},"12":{"start":{"line":69,"column":8},"end":{"line":69,"column":39}},"13":{"start":{"line":77,"column":26},"end":{"line":77,"column":60}},"14":{"start":{"line":78,"column":8},"end":{"line":78,"column":42}},"15":{"start":{"line":86,"column":29},"end":{"line":86,"column":65}},"16":{"start":{"line":87,"column":8},"end":{"line":87,"column":45}},"17":{"start":{"line":96,"column":22},"end":{"line":96,"column":69}},"18":{"start":{"line":97,"column":8},"end":{"line":97,"column":44}},"19":{"start":{"line":97,"column":33},"end":{"line":97,"column":42}},"20":{"start":{"line":105,"column":8},"end":{"line":105,"column":56}},"21":{"start":{"line":109,"column":21},"end":{"line":109,"column":40}},"22":{"start":{"line":110,"column":25},"end":{"line":110,"column":49}},"23":{"start":{"line":111,"column":27},"end":{"line":111,"column":51}},"24":{"start":{"line":112,"column":22},"end":{"line":112,"column":40}},"25":{"start":{"line":113,"column":26},"end":{"line":113,"column":49}},"26":{"start":{"line":115,"column":8},"end":{"line":120,"column":9}},"27":{"start":{"line":124,"column":8},"end":{"line":124,"column":69}},"28":{"start":{"line":128,"column":23},"end":{"line":128,"column":44}},"29":{"start":{"line":129,"column":8},"end":{"line":141,"column":11}},"30":{"start":{"line":130,"column":28},"end":{"line":130,"column":54}},"31":{"start":{"line":131,"column":31},"end":{"line":131,"column":57}},"32":{"start":{"line":132,"column":26},"end":{"line":132,"column":46}},"33":{"start":{"line":133,"column":33},"end":{"line":133,"column":61}},"34":{"start":{"line":135,"column":12},"end":{"line":140,"column":13}}},"fnMap":{"0":{"name":"(anonymous_0)","decl":{"start":{"line":13,"column":5},"end":{"line":13,"column":6}},"loc":{"start":{"line":13,"column":23},"end":{"line":20,"column":5}},"line":13},"1":{"name":"(anonymous_1)","decl":{"start":{"line":28,"column":4},"end":{"line":28,"column":5}},"loc":{"start":{"line":28,"column":19},"end":{"line":32,"column":5}},"line":28},"2":{"name":"(anonymous_2)","decl":{"start":{"line":39,"column":4},"end":{"line":39,"column":5}},"loc":{"start":{"line":39,"column":15},"end":{"line":41,"column":5}},"line":39},"3":{"name":"(anonymous_3)","decl":{"start":{"line":47,"column":4},"end":{"line":47,"column":5}},"loc":{"start":{"line":47,"column":27},"end":{"line":50,"column":5}},"line":47},"4":{"name":"(anonymous_4)","decl":{"start":{"line":49,"column":30},"end":{"line":49,"column":31}},"loc":{"start":{"line":49,"column":35},"end":{"line":49,"column":55}},"line":49},"5":{"name":"(anonymous_5)","decl":{"start":{"line":57,"column":4},"end":{"line":57,"column":5}},"loc":{"start":{"line":57,"column":27},"end":{"line":60,"column":5}},"line":57},"6":{"name":"(anonymous_6)","decl":{"start":{"line":67,"column":4},"end":{"line":67,"column":5}},"loc":{"start":{"line":67,"column":21},"end":{"line":70,"column":5}},"line":67},"7":{"name":"(anonymous_7)","decl":{"start":{"line":76,"column":4},"end":{"line":76,"column":5}},"loc":{"start":{"line":76,"column":25},"end":{"line":79,"column":5}},"line":76},"8":{"name":"(anonymous_8)","decl":{"start":{"line":85,"column":4},"end":{"line":85,"column":5}},"loc":{"start":{"line":85,"column":28},"end":{"line":88,"column":5}},"line":85},"9":{"name":"(anonymous_9)","decl":{"start":{"line":95,"column":4},"end":{"line":95,"column":5}},"loc":{"start":{"line":95,"column":15},"end":{"line":98,"column":5}},"line":95},"10":{"name":"(anonymous_10)","decl":{"start":{"line":97,"column":25},"end":{"line":97,"column":26}},"loc":{"start":{"line":97,"column":33},"end":{"line":97,"column":42}},"line":97},"11":{"name":"(anonymous_11)","decl":{"start":{"line":104,"column":4},"end":{"line":104,"column":5}},"loc":{"start":{"line":104,"column":19},"end":{"line":106,"column":5}},"line":104},"12":{"name":"(anonymous_12)","decl":{"start":{"line":108,"column":4},"end":{"line":108,"column":5}},"loc":{"start":{"line":108,"column":14},"end":{"line":121,"column":5}},"line":108},"13":{"name":"(anonymous_13)","decl":{"start":{"line":123,"column":4},"end":{"line":123,"column":5}},"loc":{"start":{"line":123,"column":21},"end":{"line":125,"column":5}},"line":123},"14":{"name":"(anonymous_14)","decl":{"start":{"line":127,"column":4},"end":{"line":127,"column":5}},"loc":{"start":{"line":127,"column":17},"end":{"line":142,"column":5}},"line":127},"15":{"name":"(anonymous_15)","decl":{"start":{"line":129,"column":26},"end":{"line":129,"column":27}},"loc":{"start":{"line":129,"column":38},"end":{"line":141,"column":9}},"line":129}},"branchMap":{},"s":{"0":4,"1":4,"2":4,"3":4,"4":4,"5":2,"6":57,"7":57,"8":227,"9":59,"10":59,"11":57,"12":57,"13":2,"14":2,"15":54,"16":54,"17":2,"18":2,"19":157,"20":6,"21":2,"22":2,"23":2,"24":2,"25":2,"26":2,"27":3,"28":2,"29":2,"30":54,"31":54,"32":54,"33":54,"34":54},"f":{"0":4,"1":4,"2":2,"3":57,"4":227,"5":59,"6":57,"7":2,"8":54,"9":2,"10":157,"11":6,"12":2,"13":3,"14":2,"15":54},"b":{},"_coverageSchema":"1a1c01bbd47fc00a2c39e90264f33305004495a9","hash":"7f96b3e64c3cf7f7ea7975b1956ddf4db53a5320"}
,"/usr/src/app/utils/scraper.js": {"path":"/usr/src/app/utils/scraper.js","statementMap":{"0":{"start":{"line":9,"column":8},"end":{"line":9,"column":28}},"1":{"start":{"line":10,"column":8},"end":{"line":10,"column":25}},"2":{"start":{"line":11,"column":8},"end":{"line":11,"column":25}},"3":{"start":{"line":20,"column":8},"end":{"line":24,"column":11}},"4":{"start":{"line":25,"column":8},"end":{"line":25,"column":49}},"5":{"start":{"line":34,"column":8},"end":{"line":34,"column":34}},"6":{"start":{"line":35,"column":8},"end":{"line":35,"column":41}},"7":{"start":{"line":44,"column":8},"end":{"line":44,"column":35}}},"fnMap":{"0":{"name":"(anonymous_0)","decl":{"start":{"line":8,"column":4},"end":{"line":8,"column":5}},"loc":{"start":{"line":8,"column":17},"end":{"line":12,"column":5}},"line":8},"1":{"name":"(anonymous_1)","decl":{"start":{"line":19,"column":4},"end":{"line":19,"column":5}},"loc":{"start":{"line":19,"column":17},"end":{"line":26,"column":5}},"line":19},"2":{"name":"(anonymous_2)","decl":{"start":{"line":33,"column":4},"end":{"line":33,"column":5}},"loc":{"start":{"line":33,"column":30},"end":{"line":36,"column":5}},"line":33},"3":{"name":"(anonymous_3)","decl":{"start":{"line":43,"column":4},"end":{"line":43,"column":5}},"loc":{"start":{"line":43,"column":18},"end":{"line":45,"column":5}},"line":43}},"branchMap":{},"s":{"0":3,"1":3,"2":3,"3":3,"4":3,"5":3,"6":3,"7":3},"f":{"0":3,"1":3,"2":3,"3":3},"b":{},"_coverageSchema":"1a1c01bbd47fc00a2c39e90264f33305004495a9","hash":"223e122150bdf4a832f006110e4d4db0869347ef"}
}
