TN:
SF:controllers/googleSearchController.js
FN:4,searchLinks
FNF:1
FNH:1
FNDA:2,searchLinks
DA:5,2
DA:6,2
DA:9,2
DA:10,2
DA:11,2
DA:14,2
DA:15,2
DA:16,2
DA:17,2
LF:9
LH:9
BRF:0
BRH:0
end_of_record
TN:
SF:controllers/stackOverflowController.js
FN:5,getContent
FN:7,(anonymous_1)
FNF:2
FNH:2
FNDA:1,getContent
FNDA:18,(anonymous_1)
DA:6,1
DA:7,18
DA:9,1
DA:10,1
DA:11,1
DA:12,1
DA:14,1
DA:15,1
DA:17,1
DA:18,1
LF:10
LH:10
BRF:0
BRH:0
end_of_record
TN:
SF:utils/parser.js
FN:13,(anonymous_0)
FN:28,(anonymous_1)
FN:39,(anonymous_2)
FN:47,(anonymous_3)
FN:49,(anonymous_4)
FN:52,(anonymous_5)
FN:57,(anonymous_6)
FN:67,(anonymous_7)
FN:69,(anonymous_8)
FN:71,(anonymous_9)
FN:75,(anonymous_10)
FN:88,(anonymous_11)
FN:92,(anonymous_12)
FNF:13
FNH:13
FNDA:4,(anonymous_0)
FNDA:4,(anonymous_1)
FNDA:1,(anonymous_2)
FNDA:5,(anonymous_3)
FNDA:19,(anonymous_4)
FNDA:7,(anonymous_5)
FNDA:5,(anonymous_6)
FNDA:2,(anonymous_7)
FNDA:164,(anonymous_8)
FNDA:6,(anonymous_9)
FNDA:2,(anonymous_10)
FNDA:3,(anonymous_11)
FNDA:2,(anonymous_12)
DA:18,4
DA:19,4
DA:29,4
DA:30,4
DA:31,4
DA:40,1
DA:48,5
DA:49,19
DA:53,7
DA:54,7
DA:58,5
DA:59,5
DA:68,2
DA:69,164
DA:72,6
DA:76,2
DA:77,2
DA:78,2
DA:79,2
DA:81,2
DA:89,3
DA:93,2
DA:94,2
DA:95,2
DA:96,2
DA:98,2
LF:26
LH:26
BRF:0
BRH:0
end_of_record
TN:
SF:utils/scraper.js
FN:4,(anonymous_0)
FN:10,(anonymous_1)
FN:15,(anonymous_2)
FN:20,(anonymous_3)
FNF:4
FNH:4
FNDA:3,(anonymous_0)
FNDA:3,(anonymous_1)
FNDA:3,(anonymous_2)
FNDA:3,(anonymous_3)
DA:5,3
DA:6,3
DA:7,3
DA:11,3
DA:12,3
DA:16,3
DA:17,3
DA:21,3
LF:8
LH:8
BRF:0
BRH:0
end_of_record
