TN:
SF:controllers/googleSearchController.js
FN:4,searchLinks
FNF:1
FNH:1
FNDA:2,searchLinks
DA:5,2
DA:6,2
DA:9,2
DA:10,2
DA:11,2
DA:14,2
DA:15,2
DA:16,2
DA:17,2
LF:9
LH:9
BRF:0
BRH:0
end_of_record
TN:
SF:controllers/stackOverflowController.js
FN:5,getContent
FN:7,(anonymous_1)
FNF:2
FNH:2
FNDA:1,getContent
FNDA:69,(anonymous_1)
DA:6,1
DA:7,69
DA:9,1
DA:10,1
DA:11,1
DA:12,0
DA:14,0
DA:15,0
DA:16,0
DA:17,0
DA:18,0
DA:20,0
DA:21,0
LF:13
LH:5
BRF:0
BRH:0
end_of_record
TN:
SF:utils/parser.js
FN:13,(anonymous_0)
FN:28,(anonymous_1)
FN:39,(anonymous_2)
FN:47,(anonymous_3)
FN:49,(anonymous_4)
FN:57,(anonymous_5)
FN:59,(anonymous_6)
FN:62,(anonymous_7)
FN:64,(anonymous_8)
FN:67,(anonymous_9)
FN:69,(anonymous_10)
FN:77,(anonymous_11)
FN:79,(anonymous_12)
FNF:13
FNH:13
FNDA:3,(anonymous_0)
FNDA:3,(anonymous_1)
FNDA:1,(anonymous_2)
FNDA:1,(anonymous_3)
FNDA:2,(anonymous_4)
FNDA:1,(anonymous_5)
FNDA:134,(anonymous_6)
FNDA:1,(anonymous_7)
FNDA:31,(anonymous_8)
FNDA:1,(anonymous_9)
FNDA:31,(anonymous_10)
FNDA:2,(anonymous_11)
FNDA:165,(anonymous_12)
DA:18,3
DA:19,3
DA:29,3
DA:30,3
DA:31,3
DA:40,1
DA:48,1
DA:49,2
DA:58,1
DA:59,134
DA:63,1
DA:64,31
DA:68,1
DA:69,31
DA:78,2
DA:79,165
LF:16
LH:16
BRF:0
BRH:0
end_of_record
TN:
SF:utils/scraper.js
FN:4,(anonymous_0)
FN:10,(anonymous_1)
FN:15,(anonymous_2)
FN:20,(anonymous_3)
FNF:4
FNH:4
FNDA:3,(anonymous_0)
FNDA:3,(anonymous_1)
FNDA:3,(anonymous_2)
FNDA:2,(anonymous_3)
DA:5,3
DA:6,3
DA:7,3
DA:11,3
DA:12,3
DA:16,3
DA:17,2
DA:21,2
LF:8
LH:8
BRF:0
BRH:0
end_of_record
